# JRE version: Java(TM) SE Runtime Environment (17.0.9+11) (build 17.0.9+11-LTS-201)
# Java VM: Java HotSpot(TM) 64-Bit Server VM (17.0.9+11-LTS-201, mixed mode, sharing, tiered, compressed oops, compressed class ptrs, g1 gc, windows-amd64)
GC Precious Log:
 CPUs: 12 total, 12 available
 Memory: 15724M
 Large Page Support: Disabled
 NUMA Support: Disabled
 Compressed Oops: Enabled (32-bit)
 Heap Region Size: 1M
 Heap Min Capacity: 8M
 Heap Initial Capacity: 246M
 Heap Max Capacity: 2G
 Pre-touch: Disabled
 Parallel Workers: 10
 Concurrent Workers: 3
 Concurrent Refinement Workers: 10
 Periodic GC: Disabled
Heap:
 garbage-first heap   total 137216K, used 81122K [0x0000000080000000, 0x0000000100000000)
  region size 1024K, 3 young (3072K), 1 survivors (1024K)
 Metaspace       used 69965K, committed 70720K, reserved 491520K
  class space    used 9866K, committed 10240K, reserved 425984K
GC Heap History (20 events):
Event: 16.175 GC heap before
{Heap before GC invocations=29 (full 0):
 garbage-first heap   total 106496K, used 84229K [0x0000000080000000, 0x0000000100000000)
  region size 1024K, 27 young (27648K), 4 survivors (4096K)
 Metaspace       used 61649K, committed 62400K, reserved 491520K
  class space    used 8712K, committed 9024K, reserved 425984K
}
Event: 16.177 GC heap after
{Heap after GC invocations=30 (full 0):
 garbage-first heap   total 106496K, used 62459K [0x0000000080000000, 0x0000000100000000)
  region size 1024K, 4 young (4096K), 4 survivors (4096K)
 Metaspace       used 61649K, committed 62400K, reserved 491520K
  class space    used 8712K, committed 9024K, reserved 425984K
}
Event: 16.590 GC heap before
{Heap before GC invocations=30 (full 0):
 garbage-first heap   total 106496K, used 87035K [0x0000000080000000, 0x0000000100000000)
  region size 1024K, 28 young (28672K), 4 survivors (4096K)
 Metaspace       used 63316K, committed 64000K, reserved 491520K
  class space    used 8978K, committed 9280K, reserved 425984K
}
Event: 16.594 GC heap after
{Heap after GC invocations=31 (full 0):
 garbage-first heap   total 106496K, used 63913K [0x0000000080000000, 0x0000000100000000)
  region size 1024K, 4 young (4096K), 4 survivors (4096K)
 Metaspace       used 63316K, committed 64000K, reserved 491520K
  class space    used 8978K, committed 9280K, reserved 425984K
}
Event: 17.803 GC heap before
{Heap before GC invocations=32 (full 0):
 garbage-first heap   total 111616K, used 87465K [0x0000000080000000, 0x0000000100000000)
  region size 1024K, 27 young (27648K), 4 survivors (4096K)
 Metaspace       used 64816K, committed 65536K, reserved 491520K
  class space    used 9195K, committed 9536K, reserved 425984K
}
Event: 17.807 GC heap after
{Heap after GC invocations=33 (full 0):
 garbage-first heap   total 111616K, used 66417K [0x0000000080000000, 0x0000000100000000)
  region size 1024K, 4 young (4096K), 4 survivors (4096K)
 Metaspace       used 64816K, committed 65536K, reserved 491520K
  class space    used 9195K, committed 9536K, reserved 425984K
}
Event: 18.475 GC heap before
{Heap before GC invocations=33 (full 0):
 garbage-first heap   total 111616K, used 92017K [0x0000000080000000, 0x0000000100000000)
  region size 1024K, 30 young (30720K), 4 survivors (4096K)
 Metaspace       used 66583K, committed 67392K, reserved 491520K
  class space    used 9485K, committed 9856K, reserved 425984K
}
Event: 18.478 GC heap after
{Heap after GC invocations=34 (full 0):
 garbage-first heap   total 111616K, used 67865K [0x0000000080000000, 0x0000000100000000)
  region size 1024K, 2 young (2048K), 2 survivors (2048K)
 Metaspace       used 66583K, committed 67392K, reserved 491520K
  class space    used 9485K, committed 9856K, reserved 425984K
}
Event: 18.656 GC heap before
{Heap before GC invocations=35 (full 0):
 garbage-first heap   total 121856K, used 80153K [0x0000000080000000, 0x0000000100000000)
  region size 1024K, 16 young (16384K), 2 survivors (2048K)
 Metaspace       used 66947K, committed 67776K, reserved 491520K
  class space    used 9524K, committed 9920K, reserved 425984K
}
Event: 18.657 GC heap after
{Heap after GC invocations=36 (full 0):
 garbage-first heap   total 121856K, used 68321K [0x0000000080000000, 0x0000000100000000)
  region size 1024K, 3 young (3072K), 3 survivors (3072K)
 Metaspace       used 66947K, committed 67776K, reserved 491520K
  class space    used 9524K, committed 9920K, reserved 425984K
}
Event: 18.713 GC heap before
{Heap before GC invocations=37 (full 0):
 garbage-first heap   total 121856K, used 70369K [0x0000000080000000, 0x0000000100000000)
  region size 1024K, 4 young (4096K), 3 survivors (3072K)
 Metaspace       used 66948K, committed 67776K, reserved 491520K
  class space    used 9524K, committed 9920K, reserved 425984K
}
Event: 18.716 GC heap after
{Heap after GC invocations=38 (full 0):
 garbage-first heap   total 121856K, used 71176K [0x0000000080000000, 0x0000000100000000)
  region size 1024K, 3 young (3072K), 3 survivors (3072K)
 Metaspace       used 66948K, committed 67776K, reserved 491520K
  class space    used 9524K, committed 9920K, reserved 425984K
}
Event: 18.812 GC heap before
{Heap before GC invocations=39 (full 0):
 garbage-first heap   total 122880K, used 75272K [0x0000000080000000, 0x0000000100000000)
  region size 1024K, 8 young (8192K), 3 survivors (3072K)
 Metaspace       used 66958K, committed 67776K, reserved 491520K
  class space    used 9524K, committed 9920K, reserved 425984K
}
Event: 18.815 GC heap after
{Heap after GC invocations=40 (full 0):
 garbage-first heap   total 122880K, used 75452K [0x0000000080000000, 0x0000000100000000)
  region size 1024K, 3 young (3072K), 3 survivors (3072K)
 Metaspace       used 66958K, committed 67776K, reserved 491520K
  class space    used 9524K, committed 9920K, reserved 425984K
}
Event: 18.893 GC heap before
{Heap before GC invocations=41 (full 0):
 garbage-first heap   total 130048K, used 78524K [0x0000000080000000, 0x0000000100000000)
  region size 1024K, 6 young (6144K), 3 survivors (3072K)
 Metaspace       used 66973K, committed 67776K, reserved 491520K
  class space    used 9526K, committed 9920K, reserved 425984K
}
Event: 18.895 GC heap after
{Heap after GC invocations=42 (full 0):
 garbage-first heap   total 130048K, used 76907K [0x0000000080000000, 0x0000000100000000)
  region size 1024K, 2 young (2048K), 2 survivors (2048K)
 Metaspace       used 66973K, committed 67776K, reserved 491520K
  class space    used 9526K, committed 9920K, reserved 425984K
}
Event: 19.063 GC heap before
{Heap before GC invocations=43 (full 0):
 garbage-first heap   total 137216K, used 93291K [0x0000000080000000, 0x0000000100000000)
  region size 1024K, 18 young (18432K), 2 survivors (2048K)
 Metaspace       used 68043K, committed 68864K, reserved 491520K
  class space    used 9662K, committed 10048K, reserved 425984K
}
Event: 19.064 GC heap after
{Heap after GC invocations=44 (full 0):
 garbage-first heap   total 137216K, used 79571K [0x0000000080000000, 0x0000000100000000)
  region size 1024K, 3 young (3072K), 3 survivors (3072K)
 Metaspace       used 68043K, committed 68864K, reserved 491520K
  class space    used 9662K, committed 10048K, reserved 425984K
}
Event: 19.376 GC heap before
{Heap before GC invocations=44 (full 0):
 garbage-first heap   total 137216K, used 99027K [0x0000000080000000, 0x0000000100000000)
  region size 1024K, 23 young (23552K), 3 survivors (3072K)
 Metaspace       used 69821K, committed 70592K, reserved 491520K
  class space    used 9851K, committed 10240K, reserved 425984K
}
Event: 19.379 GC heap after
{Heap after GC invocations=45 (full 0):
 garbage-first heap   total 137216K, used 80098K [0x0000000080000000, 0x0000000100000000)
  region size 1024K, 1 young (1024K), 1 survivors (1024K)
 Metaspace       used 69821K, committed 70592K, reserved 491520K
  class space    used 9851K, committed 10240K, reserved 425984K
}

